# JRE version: Java(TM) SE Runtime Environment (17.0.8+9) (build 17.0.8+9-LTS-211)
# Java VM: Java HotSpot(TM) 64-Bit Server VM (17.0.8+9-LTS-211, mixed mode, sharing, tiered, compressed oops, compressed class ptrs, g1 gc, bsd-aarch64)
GC Precious Log:
 CPUs: 8 total, 8 available
 Memory: 8192M
 Large Page Support: Disabled
 NUMA Support: Disabled
 Compressed Oops: Enabled (Zero based)
 Heap Region Size: 1M
 Heap Min Capacity: 256M
 Heap Initial Capacity: 256M
 Heap Max Capacity: 512M
 Pre-touch: Disabled
 Parallel Workers: 8
 Concurrent Workers: 2
 Concurrent Refinement Workers: 8
 Periodic GC: Disabled
Heap:
 garbage-first heap   total 262144K, used 85547K [0x00000007e0000000, 0x0000000800000000)
  region size 1024K, 23 young (23552K), 9 survivors (9216K)
 Metaspace       used 65928K, committed 66880K, reserved 393216K
  class space    used 8888K, committed 9280K, reserved 327680K
GC Heap History (20 events):
Event: 290.940 GC heap before
{Heap before GC invocations=11 (full 0):
 garbage-first heap   total 262144K, used 196033K [0x00000007e0000000, 0x0000000800000000)
  region size 1024K, 153 young (156672K), 9 survivors (9216K)
 Metaspace       used 53379K, committed 53952K, reserved 393216K
  class space    used 7360K, committed 7680K, reserved 327680K
}
Event: 290.946 GC heap after
{Heap after GC invocations=12 (full 0):
 garbage-first heap   total 262144K, used 47616K [0x00000007e0000000, 0x0000000800000000)
  region size 1024K, 7 young (7168K), 7 survivors (7168K)
 Metaspace       used 53379K, committed 53952K, reserved 393216K
  class space    used 7360K, committed 7680K, reserved 327680K
}
Event: 360.817 GC heap before
{Heap before GC invocations=12 (full 0):
 garbage-first heap   total 262144K, used 196096K [0x00000007e0000000, 0x0000000800000000)
  region size 1024K, 153 young (156672K), 7 survivors (7168K)
 Metaspace       used 53740K, committed 54336K, reserved 393216K
  class space    used 7371K, committed 7680K, reserved 327680K
}
Event: 360.824 GC heap after
{Heap after GC invocations=13 (full 0):
 garbage-first heap   total 262144K, used 50692K [0x00000007e0000000, 0x0000000800000000)
  region size 1024K, 10 young (10240K), 10 survivors (10240K)
 Metaspace       used 53740K, committed 54336K, reserved 393216K
  class space    used 7371K, committed 7680K, reserved 327680K
}
Event: 614.983 GC heap before
{Heap before GC invocations=13 (full 0):
 garbage-first heap   total 262144K, used 196100K [0x00000007e0000000, 0x0000000800000000)
  region size 1024K, 153 young (156672K), 10 survivors (10240K)
 Metaspace       used 54623K, committed 55168K, reserved 393216K
  class space    used 7498K, committed 7744K, reserved 327680K
}
Event: 614.991 GC heap after
{Heap after GC invocations=14 (full 0):
 garbage-first heap   total 262144K, used 52378K [0x00000007e0000000, 0x0000000800000000)
  region size 1024K, 12 young (12288K), 12 survivors (12288K)
 Metaspace       used 54623K, committed 55168K, reserved 393216K
  class space    used 7498K, committed 7744K, reserved 327680K
}
Event: 615.251 GC heap before
{Heap before GC invocations=14 (full 0):
 garbage-first heap   total 262144K, used 101530K [0x00000007e0000000, 0x0000000800000000)
  region size 1024K, 62 young (63488K), 12 survivors (12288K)
 Metaspace       used 60451K, committed 61056K, reserved 393216K
  class space    used 8266K, committed 8576K, reserved 327680K
}
Event: 615.258 GC heap after
{Heap after GC invocations=15 (full 0):
 garbage-first heap   total 262144K, used 60128K [0x00000007e0000000, 0x0000000800000000)
  region size 1024K, 16 young (16384K), 16 survivors (16384K)
 Metaspace       used 60451K, committed 61056K, reserved 393216K
  class space    used 8266K, committed 8576K, reserved 327680K
}
Event: 2685.379 GC heap before
{Heap before GC invocations=16 (full 0):
 garbage-first heap   total 262144K, used 196320K [0x00000007e0000000, 0x0000000800000000)
  region size 1024K, 149 young (152576K), 16 survivors (16384K)
 Metaspace       used 65535K, committed 66176K, reserved 393216K
  class space    used 8898K, committed 9152K, reserved 327680K
}
Event: 2685.392 GC heap after
{Heap after GC invocations=17 (full 0):
 garbage-first heap   total 262144K, used 61970K [0x00000007e0000000, 0x0000000800000000)
  region size 1024K, 14 young (14336K), 14 survivors (14336K)
 Metaspace       used 65535K, committed 66176K, reserved 393216K
  class space    used 8898K, committed 9152K, reserved 327680K
}
Event: 2685.397 GC heap before
{Heap before GC invocations=17 (full 0):
 garbage-first heap   total 262144K, used 62994K [0x00000007e0000000, 0x0000000800000000)
  region size 1024K, 15 young (15360K), 14 survivors (14336K)
 Metaspace       used 65535K, committed 66176K, reserved 393216K
  class space    used 8898K, committed 9152K, reserved 327680K
}
Event: 2685.402 GC heap after
{Heap after GC invocations=18 (full 0):
 garbage-first heap   total 262144K, used 59826K [0x00000007e0000000, 0x0000000800000000)
  region size 1024K, 2 young (2048K), 2 survivors (2048K)
 Metaspace       used 65535K, committed 66176K, reserved 393216K
  class space    used 8898K, committed 9152K, reserved 327680K
}
Event: 2685.772 GC heap before
{Heap before GC invocations=18 (full 0):
 garbage-first heap   total 262144K, used 200114K [0x00000007e0000000, 0x0000000800000000)
  region size 1024K, 139 young (142336K), 2 survivors (2048K)
 Metaspace       used 67095K, committed 67712K, reserved 393216K
  class space    used 9062K, committed 9344K, reserved 327680K
}
Event: 2685.776 GC heap after
{Heap after GC invocations=19 (full 0):
 garbage-first heap   total 262144K, used 73533K [0x00000007e0000000, 0x0000000800000000)
  region size 1024K, 15 young (15360K), 15 survivors (15360K)
 Metaspace       used 67095K, committed 67712K, reserved 393216K
  class space    used 9062K, committed 9344K, reserved 327680K
}
Event: 3490.839 GC heap before
{Heap before GC invocations=20 (full 0):
 garbage-first heap   total 262144K, used 196413K [0x00000007e0000000, 0x0000000800000000)
  region size 1024K, 136 young (139264K), 15 survivors (15360K)
 Metaspace       used 65693K, committed 66816K, reserved 393216K
  class space    used 8875K, committed 9280K, reserved 327680K
}
Event: 3490.861 GC heap after
{Heap after GC invocations=21 (full 0):
 garbage-first heap   total 262144K, used 66436K [0x00000007e0000000, 0x0000000800000000)
  region size 1024K, 3 young (3072K), 3 survivors (3072K)
 Metaspace       used 65693K, committed 66816K, reserved 393216K
  class space    used 8875K, committed 9280K, reserved 327680K
}
Event: 3990.728 GC heap before
{Heap before GC invocations=21 (full 0):
 garbage-first heap   total 262144K, used 74628K [0x00000007e0000000, 0x0000000800000000)
  region size 1024K, 12 young (12288K), 3 survivors (3072K)
 Metaspace       used 65702K, committed 66880K, reserved 393216K
  class space    used 8875K, committed 9280K, reserved 327680K
}
Event: 3990.743 GC heap after
{Heap after GC invocations=22 (full 0):
 garbage-first heap   total 262144K, used 63347K [0x00000007e0000000, 0x0000000800000000)
  region size 1024K, 1 young (1024K), 1 survivors (1024K)
 Metaspace       used 65702K, committed 66880K, reserved 393216K
  class space    used 8875K, committed 9280K, reserved 327680K
}
Event: 4730.547 GC heap before
{Heap before GC invocations=22 (full 0):
 garbage-first heap   total 262144K, used 183155K [0x00000007e0000000, 0x0000000800000000)
  region size 1024K, 120 young (122880K), 1 survivors (1024K)
 Metaspace       used 65926K, committed 66880K, reserved 393216K
  class space    used 8888K, committed 9280K, reserved 327680K
}
Event: 4730.552 GC heap after
{Heap after GC invocations=23 (full 0):
 garbage-first heap   total 262144K, used 71211K [0x00000007e0000000, 0x0000000800000000)
  region size 1024K, 9 young (9216K), 9 survivors (9216K)
 Metaspace       used 65926K, committed 66880K, reserved 393216K
  class space    used 8888K, committed 9280K, reserved 327680K
}

